  Determining projects to restore...
f:\Prog-Projects\IProgram\src\Core\Auth.Core.csproj : warning NU1903: Package 'Microsoft.Extensions.Caching.Memory' 8.0.0 has a known high severity vulnerability, https://github.com/advisories/GHSA-qj66-m88j-hmgj [f:\Prog-Projects\IProgram\src\Application\Auth.Application.csproj]
f:\Prog-Projects\IProgram\src\Infrastructure\Auth.Infrastructure.csproj : warning NU1510: PackageReference Microsoft.AspNetCore.Identity will not be pruned. Consider removing this package from your dependencies, as it is likely unnecessary. [f:\Prog-Projects\IProgram\src\Application\Auth.Application.csproj]
f:\Prog-Projects\IProgram\src\Persistence\Auth.Persistence.csproj : warning NU1903: Package 'Microsoft.Extensions.Caching.Memory' 8.0.0 has a known high severity vulnerability, https://github.com/advisories/GHSA-qj66-m88j-hmgj [f:\Prog-Projects\IProgram\src\Application\Auth.Application.csproj]
f:\Prog-Projects\IProgram\src\Infrastructure\Auth.Infrastructure.csproj : warning NU1510: PackageReference Microsoft.Extensions.DependencyInjection will not be pruned. Consider removing this package from your dependencies, as it is likely unnecessary. [f:\Prog-Projects\IProgram\src\Application\Auth.Application.csproj]
f:\Prog-Projects\IProgram\src\Persistence\Auth.Persistence.csproj : warning NU1903: Package 'Npgsql' 8.0.0 has a known high severity vulnerability, https://github.com/advisories/GHSA-x9vc-6hfv-hg8c [f:\Prog-Projects\IProgram\src\Application\Auth.Application.csproj]
f:\Prog-Projects\IProgram\src\Infrastructure\Auth.Infrastructure.csproj : warning NU1510: PackageReference Microsoft.Extensions.Logging.Abstractions will not be pruned. Consider removing this package from your dependencies, as it is likely unnecessary. [f:\Prog-Projects\IProgram\src\Application\Auth.Application.csproj]
f:\Prog-Projects\IProgram\src\Infrastructure\Auth.Infrastructure.csproj : warning NU1510: PackageReference Microsoft.Extensions.Caching.Memory will not be pruned. Consider removing this package from your dependencies, as it is likely unnecessary. [f:\Prog-Projects\IProgram\src\Application\Auth.Application.csproj]
f:\Prog-Projects\IProgram\src\Infrastructure\Auth.Infrastructure.csproj : warning NU1903: Package 'Npgsql' 8.0.0 has a known high severity vulnerability, https://github.com/advisories/GHSA-x9vc-6hfv-hg8c [f:\Prog-Projects\IProgram\src\Application\Auth.Application.csproj]
f:\Prog-Projects\IProgram\src\Application\Auth.Application.csproj : warning NU1902: Package 'BouncyCastle.Cryptography' 2.2.1 has a known moderate severity vulnerability, https://github.com/advisories/GHSA-8xfc-gm6g-vgpv
f:\Prog-Projects\IProgram\src\Application\Auth.Application.csproj : warning NU1902: Package 'BouncyCastle.Cryptography' 2.2.1 has a known moderate severity vulnerability, https://github.com/advisories/GHSA-m44j-cfrm-g8qc
f:\Prog-Projects\IProgram\src\Application\Auth.Application.csproj : warning NU1902: Package 'BouncyCastle.Cryptography' 2.2.1 has a known moderate severity vulnerability, https://github.com/advisories/GHSA-v435-xc8x-wvr9
f:\Prog-Projects\IProgram\src\Application\Auth.Application.csproj : warning NU1903: Package 'Microsoft.Extensions.Caching.Memory' 8.0.0 has a known high severity vulnerability, https://github.com/advisories/GHSA-qj66-m88j-hmgj
f:\Prog-Projects\IProgram\src\Application\Auth.Application.csproj : warning NU1903: Package 'Npgsql' 8.0.0 has a known high severity vulnerability, https://github.com/advisories/GHSA-x9vc-6hfv-hg8c
f:\Prog-Projects\IProgram\src\Application\Auth.Application.csproj : warning NU1903: Package 'SixLabors.ImageSharp' 3.1.2 has a known high severity vulnerability, https://github.com/advisories/GHSA-2cmq-823j-5qj8
f:\Prog-Projects\IProgram\src\Application\Auth.Application.csproj : warning NU1902: Package 'SixLabors.ImageSharp' 3.1.2 has a known moderate severity vulnerability, https://github.com/advisories/GHSA-5x7m-6737-26cr
f:\Prog-Projects\IProgram\src\Application\Auth.Application.csproj : warning NU1903: Package 'SixLabors.ImageSharp' 3.1.2 has a known high severity vulnerability, https://github.com/advisories/GHSA-63p8-c4ww-9cg7
f:\Prog-Projects\IProgram\src\Application\Auth.Application.csproj : warning NU1903: Package 'SixLabors.ImageSharp' 3.1.2 has a known high severity vulnerability, https://github.com/advisories/GHSA-65x7-c272-7g7r
f:\Prog-Projects\IProgram\src\Application\Auth.Application.csproj : warning NU1902: Package 'SixLabors.ImageSharp' 3.1.2 has a known moderate severity vulnerability, https://github.com/advisories/GHSA-g85r-6x2q-45w7
f:\Prog-Projects\IProgram\src\Application\Auth.Application.csproj : warning NU1902: Package 'SixLabors.ImageSharp' 3.1.2 has a known moderate severity vulnerability, https://github.com/advisories/GHSA-qxrv-gp6x-rc23
f:\Prog-Projects\IProgram\src\Application\Auth.Application.csproj : warning NU1902: Package 'SixLabors.ImageSharp' 3.1.2 has a known moderate severity vulnerability, https://github.com/advisories/GHSA-rxmq-m78w-7wmc
  All projects are up-to-date for restore.
F:\Prog-Projects\IProgram\src\Application\Auth.Application.csproj : warning NU1902: Package 'BouncyCastle.Cryptography' 2.2.1 has a known moderate severity vulnerability, https://github.com/advisories/GHSA-8xfc-gm6g-vgpv [f:\Prog-Projects\IProgram\src\Application\Auth.Application.csproj]
F:\Prog-Projects\IProgram\src\Application\Auth.Application.csproj : warning NU1902: Package 'BouncyCastle.Cryptography' 2.2.1 has a known moderate severity vulnerability, https://github.com/advisories/GHSA-m44j-cfrm-g8qc [f:\Prog-Projects\IProgram\src\Application\Auth.Application.csproj]
F:\Prog-Projects\IProgram\src\Application\Auth.Application.csproj : warning NU1902: Package 'BouncyCastle.Cryptography' 2.2.1 has a known moderate severity vulnerability, https://github.com/advisories/GHSA-v435-xc8x-wvr9 [f:\Prog-Projects\IProgram\src\Application\Auth.Application.csproj]
F:\Prog-Projects\IProgram\src\Application\Auth.Application.csproj : warning NU1903: Package 'Microsoft.Extensions.Caching.Memory' 8.0.0 has a known high severity vulnerability, https://github.com/advisories/GHSA-qj66-m88j-hmgj [f:\Prog-Projects\IProgram\src\Application\Auth.Application.csproj]
F:\Prog-Projects\IProgram\src\Application\Auth.Application.csproj : warning NU1903: Package 'Npgsql' 8.0.0 has a known high severity vulnerability, https://github.com/advisories/GHSA-x9vc-6hfv-hg8c [f:\Prog-Projects\IProgram\src\Application\Auth.Application.csproj]
F:\Prog-Projects\IProgram\src\Application\Auth.Application.csproj : warning NU1903: Package 'SixLabors.ImageSharp' 3.1.2 has a known high severity vulnerability, https://github.com/advisories/GHSA-2cmq-823j-5qj8 [f:\Prog-Projects\IProgram\src\Application\Auth.Application.csproj]
F:\Prog-Projects\IProgram\src\Application\Auth.Application.csproj : warning NU1902: Package 'SixLabors.ImageSharp' 3.1.2 has a known moderate severity vulnerability, https://github.com/advisories/GHSA-5x7m-6737-26cr [f:\Prog-Projects\IProgram\src\Application\Auth.Application.csproj]
F:\Prog-Projects\IProgram\src\Application\Auth.Application.csproj : warning NU1903: Package 'SixLabors.ImageSharp' 3.1.2 has a known high severity vulnerability, https://github.com/advisories/GHSA-63p8-c4ww-9cg7 [f:\Prog-Projects\IProgram\src\Application\Auth.Application.csproj]
F:\Prog-Projects\IProgram\src\Application\Auth.Application.csproj : warning NU1903: Package 'SixLabors.ImageSharp' 3.1.2 has a known high severity vulnerability, https://github.com/advisories/GHSA-65x7-c272-7g7r [f:\Prog-Projects\IProgram\src\Application\Auth.Application.csproj]
F:\Prog-Projects\IProgram\src\Application\Auth.Application.csproj : warning NU1902: Package 'SixLabors.ImageSharp' 3.1.2 has a known moderate severity vulnerability, https://github.com/advisories/GHSA-g85r-6x2q-45w7 [f:\Prog-Projects\IProgram\src\Application\Auth.Application.csproj]
F:\Prog-Projects\IProgram\src\Application\Auth.Application.csproj : warning NU1902: Package 'SixLabors.ImageSharp' 3.1.2 has a known moderate severity vulnerability, https://github.com/advisories/GHSA-qxrv-gp6x-rc23 [f:\Prog-Projects\IProgram\src\Application\Auth.Application.csproj]
F:\Prog-Projects\IProgram\src\Application\Auth.Application.csproj : warning NU1902: Package 'SixLabors.ImageSharp' 3.1.2 has a known moderate severity vulnerability, https://github.com/advisories/GHSA-rxmq-m78w-7wmc [f:\Prog-Projects\IProgram\src\Application\Auth.Application.csproj]
f:\Prog-Projects\IProgram\src\Persistence\Auth.Persistence.csproj : warning NU1903: Package 'Microsoft.Extensions.Caching.Memory' 8.0.0 has a known high severity vulnerability, https://github.com/advisories/GHSA-qj66-m88j-hmgj
f:\Prog-Projects\IProgram\src\Persistence\Auth.Persistence.csproj : warning NU1903: Package 'Npgsql' 8.0.0 has a known high severity vulnerability, https://github.com/advisories/GHSA-x9vc-6hfv-hg8c
f:\Prog-Projects\IProgram\src\Infrastructure\Auth.Infrastructure.csproj : warning NU1510: PackageReference Microsoft.AspNetCore.Identity will not be pruned. Consider removing this package from your dependencies, as it is likely unnecessary.
f:\Prog-Projects\IProgram\src\Infrastructure\Auth.Infrastructure.csproj : warning NU1510: PackageReference Microsoft.Extensions.DependencyInjection will not be pruned. Consider removing this package from your dependencies, as it is likely unnecessary.
f:\Prog-Projects\IProgram\src\Infrastructure\Auth.Infrastructure.csproj : warning NU1510: PackageReference Microsoft.Extensions.Logging.Abstractions will not be pruned. Consider removing this package from your dependencies, as it is likely unnecessary.
f:\Prog-Projects\IProgram\src\Infrastructure\Auth.Infrastructure.csproj : warning NU1510: PackageReference Microsoft.Extensions.Caching.Memory will not be pruned. Consider removing this package from your dependencies, as it is likely unnecessary.
f:\Prog-Projects\IProgram\src\Infrastructure\Auth.Infrastructure.csproj : warning NU1903: Package 'Npgsql' 8.0.0 has a known high severity vulnerability, https://github.com/advisories/GHSA-x9vc-6hfv-hg8c
f:\Prog-Projects\IProgram\src\Core\Auth.Core.csproj : warning NU1903: Package 'Microsoft.Extensions.Caching.Memory' 8.0.0 has a known high severity vulnerability, https://github.com/advisories/GHSA-qj66-m88j-hmgj
  Auth.Core -> f:\Prog-Projects\IProgram\src\Core\bin\Debug\net10.0\Auth.Core.dll
  Auth.Infrastructure -> f:\Prog-Projects\IProgram\src\Infrastructure\bin\Debug\net10.0\Auth.Infrastructure.dll
  Auth.Persistence -> f:\Prog-Projects\IProgram\src\Persistence\bin\Debug\net10.0\Auth.Persistence.dll
f:\Prog-Projects\IProgram\src\Application\Shared\ResultT.cs(32,45): warning CS0693: Type parameter 'TValue' has the same name as the type parameter from outer type 'Result<TValue>' [f:\Prog-Projects\IProgram\src\Application\Auth.Application.csproj]
f:\Prog-Projects\IProgram\src\Application\Dtos\EmployeeDto.cs(38,22): warning CS8632: The annotation for nullable reference types should only be used in code within a '#nullable' annotations context. [f:\Prog-Projects\IProgram\src\Application\Auth.Application.csproj]
f:\Prog-Projects\IProgram\src\Application\Features\PdfVerificationService.cs(65,27): error CS0246: The type or namespace name 'Result<>' could not be found (are you missing a using directive or an assembly reference?) [f:\Prog-Projects\IProgram\src\Application\Auth.Application.csproj]

Build FAILED.

f:\Prog-Projects\IProgram\src\Core\Auth.Core.csproj : warning NU1903: Package 'Microsoft.Extensions.Caching.Memory' 8.0.0 has a known high severity vulnerability, https://github.com/advisories/GHSA-qj66-m88j-hmgj [f:\Prog-Projects\IProgram\src\Application\Auth.Application.csproj]
f:\Prog-Projects\IProgram\src\Infrastructure\Auth.Infrastructure.csproj : warning NU1510: PackageReference Microsoft.AspNetCore.Identity will not be pruned. Consider removing this package from your dependencies, as it is likely unnecessary. [f:\Prog-Projects\IProgram\src\Application\Auth.Application.csproj]
f:\Prog-Projects\IProgram\src\Persistence\Auth.Persistence.csproj : warning NU1903: Package 'Microsoft.Extensions.Caching.Memory' 8.0.0 has a known high severity vulnerability, https://github.com/advisories/GHSA-qj66-m88j-hmgj [f:\Prog-Projects\IProgram\src\Application\Auth.Application.csproj]
f:\Prog-Projects\IProgram\src\Infrastructure\Auth.Infrastructure.csproj : warning NU1510: PackageReference Microsoft.Extensions.DependencyInjection will not be pruned. Consider removing this package from your dependencies, as it is likely unnecessary. [f:\Prog-Projects\IProgram\src\Application\Auth.Application.csproj]
f:\Prog-Projects\IProgram\src\Persistence\Auth.Persistence.csproj : warning NU1903: Package 'Npgsql' 8.0.0 has a known high severity vulnerability, https://github.com/advisories/GHSA-x9vc-6hfv-hg8c [f:\Prog-Projects\IProgram\src\Application\Auth.Application.csproj]
f:\Prog-Projects\IProgram\src\Infrastructure\Auth.Infrastructure.csproj : warning NU1510: PackageReference Microsoft.Extensions.Logging.Abstractions will not be pruned. Consider removing this package from your dependencies, as it is likely unnecessary. [f:\Prog-Projects\IProgram\src\Application\Auth.Application.csproj]
f:\Prog-Projects\IProgram\src\Infrastructure\Auth.Infrastructure.csproj : warning NU1510: PackageReference Microsoft.Extensions.Caching.Memory will not be pruned. Consider removing this package from your dependencies, as it is likely unnecessary. [f:\Prog-Projects\IProgram\src\Application\Auth.Application.csproj]
f:\Prog-Projects\IProgram\src\Infrastructure\Auth.Infrastructure.csproj : warning NU1903: Package 'Npgsql' 8.0.0 has a known high severity vulnerability, https://github.com/advisories/GHSA-x9vc-6hfv-hg8c [f:\Prog-Projects\IProgram\src\Application\Auth.Application.csproj]
f:\Prog-Projects\IProgram\src\Application\Auth.Application.csproj : warning NU1902: Package 'BouncyCastle.Cryptography' 2.2.1 has a known moderate severity vulnerability, https://github.com/advisories/GHSA-8xfc-gm6g-vgpv
f:\Prog-Projects\IProgram\src\Application\Auth.Application.csproj : warning NU1902: Package 'BouncyCastle.Cryptography' 2.2.1 has a known moderate severity vulnerability, https://github.com/advisories/GHSA-m44j-cfrm-g8qc
f:\Prog-Projects\IProgram\src\Application\Auth.Application.csproj : warning NU1902: Package 'BouncyCastle.Cryptography' 2.2.1 has a known moderate severity vulnerability, https://github.com/advisories/GHSA-v435-xc8x-wvr9
f:\Prog-Projects\IProgram\src\Application\Auth.Application.csproj : warning NU1903: Package 'Microsoft.Extensions.Caching.Memory' 8.0.0 has a known high severity vulnerability, https://github.com/advisories/GHSA-qj66-m88j-hmgj
f:\Prog-Projects\IProgram\src\Application\Auth.Application.csproj : warning NU1903: Package 'Npgsql' 8.0.0 has a known high severity vulnerability, https://github.com/advisories/GHSA-x9vc-6hfv-hg8c
f:\Prog-Projects\IProgram\src\Application\Auth.Application.csproj : warning NU1903: Package 'SixLabors.ImageSharp' 3.1.2 has a known high severity vulnerability, https://github.com/advisories/GHSA-2cmq-823j-5qj8
f:\Prog-Projects\IProgram\src\Application\Auth.Application.csproj : warning NU1902: Package 'SixLabors.ImageSharp' 3.1.2 has a known moderate severity vulnerability, https://github.com/advisories/GHSA-5x7m-6737-26cr
f:\Prog-Projects\IProgram\src\Application\Auth.Application.csproj : warning NU1903: Package 'SixLabors.ImageSharp' 3.1.2 has a known high severity vulnerability, https://github.com/advisories/GHSA-63p8-c4ww-9cg7
f:\Prog-Projects\IProgram\src\Application\Auth.Application.csproj : warning NU1903: Package 'SixLabors.ImageSharp' 3.1.2 has a known high severity vulnerability, https://github.com/advisories/GHSA-65x7-c272-7g7r
f:\Prog-Projects\IProgram\src\Application\Auth.Application.csproj : warning NU1902: Package 'SixLabors.ImageSharp' 3.1.2 has a known moderate severity vulnerability, https://github.com/advisories/GHSA-g85r-6x2q-45w7
f:\Prog-Projects\IProgram\src\Application\Auth.Application.csproj : warning NU1902: Package 'SixLabors.ImageSharp' 3.1.2 has a known moderate severity vulnerability, https://github.com/advisories/GHSA-qxrv-gp6x-rc23
f:\Prog-Projects\IProgram\src\Application\Auth.Application.csproj : warning NU1902: Package 'SixLabors.ImageSharp' 3.1.2 has a known moderate severity vulnerability, https://github.com/advisories/GHSA-rxmq-m78w-7wmc
F:\Prog-Projects\IProgram\src\Application\Auth.Application.csproj : warning NU1902: Package 'BouncyCastle.Cryptography' 2.2.1 has a known moderate severity vulnerability, https://github.com/advisories/GHSA-8xfc-gm6g-vgpv [f:\Prog-Projects\IProgram\src\Application\Auth.Application.csproj]
F:\Prog-Projects\IProgram\src\Application\Auth.Application.csproj : warning NU1902: Package 'BouncyCastle.Cryptography' 2.2.1 has a known moderate severity vulnerability, https://github.com/advisories/GHSA-m44j-cfrm-g8qc [f:\Prog-Projects\IProgram\src\Application\Auth.Application.csproj]
F:\Prog-Projects\IProgram\src\Application\Auth.Application.csproj : warning NU1902: Package 'BouncyCastle.Cryptography' 2.2.1 has a known moderate severity vulnerability, https://github.com/advisories/GHSA-v435-xc8x-wvr9 [f:\Prog-Projects\IProgram\src\Application\Auth.Application.csproj]
F:\Prog-Projects\IProgram\src\Application\Auth.Application.csproj : warning NU1903: Package 'Microsoft.Extensions.Caching.Memory' 8.0.0 has a known high severity vulnerability, https://github.com/advisories/GHSA-qj66-m88j-hmgj [f:\Prog-Projects\IProgram\src\Application\Auth.Application.csproj]
F:\Prog-Projects\IProgram\src\Application\Auth.Application.csproj : warning NU1903: Package 'Npgsql' 8.0.0 has a known high severity vulnerability, https://github.com/advisories/GHSA-x9vc-6hfv-hg8c [f:\Prog-Projects\IProgram\src\Application\Auth.Application.csproj]
F:\Prog-Projects\IProgram\src\Application\Auth.Application.csproj : warning NU1903: Package 'SixLabors.ImageSharp' 3.1.2 has a known high severity vulnerability, https://github.com/advisories/GHSA-2cmq-823j-5qj8 [f:\Prog-Projects\IProgram\src\Application\Auth.Application.csproj]
F:\Prog-Projects\IProgram\src\Application\Auth.Application.csproj : warning NU1902: Package 'SixLabors.ImageSharp' 3.1.2 has a known moderate severity vulnerability, https://github.com/advisories/GHSA-5x7m-6737-26cr [f:\Prog-Projects\IProgram\src\Application\Auth.Application.csproj]
F:\Prog-Projects\IProgram\src\Application\Auth.Application.csproj : warning NU1903: Package 'SixLabors.ImageSharp' 3.1.2 has a known high severity vulnerability, https://github.com/advisories/GHSA-63p8-c4ww-9cg7 [f:\Prog-Projects\IProgram\src\Application\Auth.Application.csproj]
F:\Prog-Projects\IProgram\src\Application\Auth.Application.csproj : warning NU1903: Package 'SixLabors.ImageSharp' 3.1.2 has a known high severity vulnerability, https://github.com/advisories/GHSA-65x7-c272-7g7r [f:\Prog-Projects\IProgram\src\Application\Auth.Application.csproj]
F:\Prog-Projects\IProgram\src\Application\Auth.Application.csproj : warning NU1902: Package 'SixLabors.ImageSharp' 3.1.2 has a known moderate severity vulnerability, https://github.com/advisories/GHSA-g85r-6x2q-45w7 [f:\Prog-Projects\IProgram\src\Application\Auth.Application.csproj]
F:\Prog-Projects\IProgram\src\Application\Auth.Application.csproj : warning NU1902: Package 'SixLabors.ImageSharp' 3.1.2 has a known moderate severity vulnerability, https://github.com/advisories/GHSA-qxrv-gp6x-rc23 [f:\Prog-Projects\IProgram\src\Application\Auth.Application.csproj]
F:\Prog-Projects\IProgram\src\Application\Auth.Application.csproj : warning NU1902: Package 'SixLabors.ImageSharp' 3.1.2 has a known moderate severity vulnerability, https://github.com/advisories/GHSA-rxmq-m78w-7wmc [f:\Prog-Projects\IProgram\src\Application\Auth.Application.csproj]
f:\Prog-Projects\IProgram\src\Persistence\Auth.Persistence.csproj : warning NU1903: Package 'Microsoft.Extensions.Caching.Memory' 8.0.0 has a known high severity vulnerability, https://github.com/advisories/GHSA-qj66-m88j-hmgj
f:\Prog-Projects\IProgram\src\Persistence\Auth.Persistence.csproj : warning NU1903: Package 'Npgsql' 8.0.0 has a known high severity vulnerability, https://github.com/advisories/GHSA-x9vc-6hfv-hg8c
f:\Prog-Projects\IProgram\src\Infrastructure\Auth.Infrastructure.csproj : warning NU1510: PackageReference Microsoft.AspNetCore.Identity will not be pruned. Consider removing this package from your dependencies, as it is likely unnecessary.
f:\Prog-Projects\IProgram\src\Infrastructure\Auth.Infrastructure.csproj : warning NU1510: PackageReference Microsoft.Extensions.DependencyInjection will not be pruned. Consider removing this package from your dependencies, as it is likely unnecessary.
f:\Prog-Projects\IProgram\src\Infrastructure\Auth.Infrastructure.csproj : warning NU1510: PackageReference Microsoft.Extensions.Logging.Abstractions will not be pruned. Consider removing this package from your dependencies, as it is likely unnecessary.
f:\Prog-Projects\IProgram\src\Infrastructure\Auth.Infrastructure.csproj : warning NU1510: PackageReference Microsoft.Extensions.Caching.Memory will not be pruned. Consider removing this package from your dependencies, as it is likely unnecessary.
f:\Prog-Projects\IProgram\src\Infrastructure\Auth.Infrastructure.csproj : warning NU1903: Package 'Npgsql' 8.0.0 has a known high severity vulnerability, https://github.com/advisories/GHSA-x9vc-6hfv-hg8c
f:\Prog-Projects\IProgram\src\Core\Auth.Core.csproj : warning NU1903: Package 'Microsoft.Extensions.Caching.Memory' 8.0.0 has a known high severity vulnerability, https://github.com/advisories/GHSA-qj66-m88j-hmgj
f:\Prog-Projects\IProgram\src\Application\Shared\ResultT.cs(32,45): warning CS0693: Type parameter 'TValue' has the same name as the type parameter from outer type 'Result<TValue>' [f:\Prog-Projects\IProgram\src\Application\Auth.Application.csproj]
f:\Prog-Projects\IProgram\src\Application\Dtos\EmployeeDto.cs(38,22): warning CS8632: The annotation for nullable reference types should only be used in code within a '#nullable' annotations context. [f:\Prog-Projects\IProgram\src\Application\Auth.Application.csproj]
f:\Prog-Projects\IProgram\src\Application\Features\PdfVerificationService.cs(65,27): error CS0246: The type or namespace name 'Result<>' could not be found (are you missing a using directive or an assembly reference?) [f:\Prog-Projects\IProgram\src\Application\Auth.Application.csproj]
    42 Warning(s)
    1 Error(s)

Time Elapsed 00:00:01.55
